<?xml version="1.0" encoding="UTF-8"?>
<!-- Generated by org.testng.reporters.JUnitXMLReporter -->
<testsuite ignored="2" hostname="Sagar-PC" failures="1" tests="2" name="TestQA" time="48.326" errors="0" timestamp="2022-12-21T09:48:51 IST">
  <testcase classname="scripts.InvalidLogin" name="testInvalidLogin" time="21.289">
    <failure type="java.lang.AssertionError" message="Home page is not displayed expected [true] but found [false]">
      <![CDATA[java.lang.AssertionError: Home page is not displayed expected [true] but found [false]
at scripts.InvalidLogin.testInvalidLogin(InvalidLogin.java:35)
at java.base/java.util.ArrayList.forEach(ArrayList.java:1511)
at java.base/java.util.concurrent.FutureTask.run(FutureTask.java:264)
at java.base/java.util.concurrent.ThreadPoolExecutor.runWorker(ThreadPoolExecutor.java:1136)
at java.base/java.util.concurrent.ThreadPoolExecutor$Worker.run(ThreadPoolExecutor.java:635)
at java.base/java.lang.Thread.run(Thread.java:833)
... Removed 20 stack frames]]>
    </failure>
  </testcase> <!-- testInvalidLogin -->
  <testcase classname="scripts.ValidLogin" name="testValidLogin" time="4.423"/>
  <testcase classname="generic.BaseTest" name="@BeforeSuite createReport" time="0.0">
    <ignored/>
  </testcase> <!-- @BeforeSuite createReport -->
  <testcase classname="generic.BaseTest" name="@AfterSuite publishReport" time="0.0">
    <ignored/>
  </testcase> <!-- @AfterSuite publishReport -->
</testsuite> <!-- TestQA -->
